Using pre-set license
Built from '2021.3/staging' branch; Version is '2021.3.16f1 (4016570cf34f) revision 4200023'; Using compiler version '192829333'; Build Type 'Release'
OS: 'Windows 10  (10.0.19045) 64bit Enterprise' Language: 'en' Physical Memory: 15779 MB
BatchMode: 1, IsHumanControllingUs: 0, StartBugReporterOnCrash: 0, Is64bit: 1, IsPro: 1

COMMAND LINE ARGUMENTS:
C:\Program Files\Unity\Hub\Editor\2021.3.16f1\Editor\Unity.exe
-adb2
-batchMode
-noUpm
-name
AssetImportWorker0
-projectPath
C:/Users/z3525545/Documents/GitHub/GISfor3DModels/GISfor3DModels
-logFile
Logs/AssetImportWorker0.log
-srvPort
49844
Successfully changed project path to: C:/Users/z3525545/Documents/GitHub/GISfor3DModels/GISfor3DModels
C:/Users/z3525545/Documents/GitHub/GISfor3DModels/GISfor3DModels
[UnityMemory] Configuration Parameters - Can be set up in boot.config
    "memorysetup-bucket-allocator-granularity=16"
    "memorysetup-bucket-allocator-bucket-count=8"
    "memorysetup-bucket-allocator-block-size=33554432"
    "memorysetup-bucket-allocator-block-count=8"
    "memorysetup-main-allocator-block-size=16777216"
    "memorysetup-thread-allocator-block-size=16777216"
    "memorysetup-gfx-main-allocator-block-size=16777216"
    "memorysetup-gfx-thread-allocator-block-size=16777216"
    "memorysetup-cache-allocator-block-size=4194304"
    "memorysetup-typetree-allocator-block-size=2097152"
    "memorysetup-profiler-bucket-allocator-granularity=16"
    "memorysetup-profiler-bucket-allocator-bucket-count=8"
    "memorysetup-profiler-bucket-allocator-block-size=33554432"
    "memorysetup-profiler-bucket-allocator-block-count=8"
    "memorysetup-profiler-allocator-block-size=16777216"
    "memorysetup-profiler-editor-allocator-block-size=1048576"
    "memorysetup-temp-allocator-size-main=16777216"
    "memorysetup-job-temp-allocator-block-size=2097152"
    "memorysetup-job-temp-allocator-block-size-background=1048576"
    "memorysetup-job-temp-allocator-reduction-small-platforms=262144"
    "memorysetup-temp-allocator-size-background-worker=32768"
    "memorysetup-temp-allocator-size-job-worker=262144"
    "memorysetup-temp-allocator-size-preload-manager=33554432"
    "memorysetup-temp-allocator-size-nav-mesh-worker=65536"
    "memorysetup-temp-allocator-size-audio-worker=65536"
    "memorysetup-temp-allocator-size-cloud-worker=32768"
    "memorysetup-temp-allocator-size-gi-baking-worker=262144"
    "memorysetup-temp-allocator-size-gfx=262144"
Player connection [10544] Host "[IP] 192.168.1.105 [Port] 0 [Flags] 2 [Guid] 1192008264 [EditorId] 1192008264 [Version] 1048832 [Id] WindowsEditor(7,L-5CG8121V88) [Debug] 1 [PackageName] WindowsEditor [ProjectName] Editor" joined multi-casting on [225.0.0.222:54997]...

Player connection [10544] Host "[IP] 192.168.1.105 [Port] 0 [Flags] 2 [Guid] 1192008264 [EditorId] 1192008264 [Version] 1048832 [Id] WindowsEditor(7,L-5CG8121V88) [Debug] 1 [PackageName] WindowsEditor [ProjectName] Editor" joined alternative multi-casting on [225.0.0.222:34997]...

Refreshing native plugins compatible for Editor in 123.46 ms, found 4 plugins.
Preloading 0 native plugins for Editor in 0.00 ms.
Initialize engine version: 2021.3.16f1 (4016570cf34f)
[Subsystems] Discovering subsystems at path C:/Program Files/Unity/Hub/Editor/2021.3.16f1/Editor/Data/Resources/UnitySubsystems
[Subsystems] Discovering subsystems at path C:/Users/z3525545/Documents/GitHub/GISfor3DModels/GISfor3DModels/Assets
GfxDevice: creating device client; threaded=0; jobified=0
Direct3D:
    Version:  Direct3D 11.0 [level 11.1]
    Renderer: Intel(R) HD Graphics 620 (ID=0x5916)
    Vendor:   Intel
    VRAM:     7889 MB
    Driver:   31.0.101.2111
Initialize mono
Mono path[0] = 'C:/Program Files/Unity/Hub/Editor/2021.3.16f1/Editor/Data/Managed'
Mono path[1] = 'C:/Program Files/Unity/Hub/Editor/2021.3.16f1/Editor/Data/MonoBleedingEdge/lib/mono/unityjit-win32'
Mono config path = 'C:/Program Files/Unity/Hub/Editor/2021.3.16f1/Editor/Data/MonoBleedingEdge/etc'
Using monoOptions --debugger-agent=transport=dt_socket,embedding=1,server=y,suspend=n,address=127.0.0.1:56540
Begin MonoManager ReloadAssembly
Registering precompiled unity dll's ...
Register platform support module: C:/Program Files/Unity/Hub/Editor/2021.3.16f1/Editor/Data/PlaybackEngines/WindowsStandaloneSupport/UnityEditor.WindowsStandalone.Extensions.dll
Registered in 0.008530 seconds.
Native extension for WindowsStandalone target not found
Refreshing native plugins compatible for Editor in 132.27 ms, found 4 plugins.
Preloading 0 native plugins for Editor in 0.00 ms.
Mono: successfully reloaded assembly
- Completed reload, in  0.903 seconds
Domain Reload Profiling:
	ReloadAssembly (904ms)
		BeginReloadAssembly (94ms)
			ExecutionOrderSort (0ms)
			DisableScriptedObjects (0ms)
			BackupInstance (0ms)
			ReleaseScriptingObjects (0ms)
			CreateAndSetChildDomain (1ms)
		EndReloadAssembly (674ms)
			LoadAssemblies (92ms)
			RebuildTransferFunctionScriptingTraits (0ms)
			SetupTypeCache (129ms)
			ReleaseScriptCaches (0ms)
			RebuildScriptCaches (47ms)
			SetupLoadedEditorAssemblies (418ms)
				LogAssemblyErrors (0ms)
				InitializePlatformSupportModulesInManaged (11ms)
				SetLoadedEditorAssemblies (0ms)
				RefreshPlugins (132ms)
				BeforeProcessingInitializeOnLoad (2ms)
				ProcessInitializeOnLoadAttributes (188ms)
				ProcessInitializeOnLoadMethodAttributes (84ms)
				AfterProcessingInitializeOnLoad (0ms)
				EditorAssembliesLoaded (0ms)
			ExecutionOrderSort2 (0ms)
			AwakeInstancesAfterBackupRestoration (0ms)
Platform modules already initialized, skipping
Registering precompiled user dll's ...
Registered in 0.039257 seconds.
Begin MonoManager ReloadAssembly
Native extension for WindowsStandalone target not found
Refreshing native plugins compatible for Editor in 1004.52 ms, found 4 plugins.
Preloading 0 native plugins for Editor in 0.00 ms.
Mono: successfully reloaded assembly
- Completed reload, in  7.993 seconds
Domain Reload Profiling:
	ReloadAssembly (7995ms)
		BeginReloadAssembly (265ms)
			ExecutionOrderSort (0ms)
			DisableScriptedObjects (17ms)
			BackupInstance (0ms)
			ReleaseScriptingObjects (0ms)
			CreateAndSetChildDomain (41ms)
		EndReloadAssembly (7473ms)
			LoadAssemblies (264ms)
			RebuildTransferFunctionScriptingTraits (0ms)
			SetupTypeCache (843ms)
			ReleaseScriptCaches (3ms)
			RebuildScriptCaches (2575ms)
			SetupLoadedEditorAssemblies (3235ms)
				LogAssemblyErrors (0ms)
				InitializePlatformSupportModulesInManaged (22ms)
				SetLoadedEditorAssemblies (0ms)
				RefreshPlugins (1005ms)
				BeforeProcessingInitializeOnLoad (873ms)
				ProcessInitializeOnLoadAttributes (1039ms)
				ProcessInitializeOnLoadMethodAttributes (269ms)
				AfterProcessingInitializeOnLoad (26ms)
				EditorAssembliesLoaded (1ms)
			ExecutionOrderSort2 (0ms)
			AwakeInstancesAfterBackupRestoration (29ms)
Platform modules already initialized, skipping
========================================================================
Worker process is ready to serve import requests
Launched and connected shader compiler UnityShaderCompiler.exe after 0.24 seconds
Refreshing native plugins compatible for Editor in 2.88 ms, found 4 plugins.
Preloading 0 native plugins for Editor in 0.00 ms.
Unloading 5498 Unused Serialized files (Serialized files now loaded: 0)
Unloading 63 unused Assets / (0.9 MB). Loaded Objects now: 5924.
Memory consumption went from 214.3 MB to 213.5 MB.
Total: 10.312400 ms (FindLiveObjects: 0.772600 ms CreateObjectMapping: 1.085100 ms MarkObjects: 7.891700 ms  DeleteObjects: 0.561300 ms)

AssetImportParameters requested are different than current active one (requested -> active):
  custom:video-decoder-ogg-theora: a1e56fd34408186e4bbccfd4996cb3dc -> 
  custom:container-muxer-webm: aa71ff27fc2769a1b78a27578f13a17b -> 
  custom:container-demuxer-webm: 4f35f7cbe854078d1ac9338744f61a02 -> 
  custom:video-encoder-webm-vp8: eb34c28f22e8b96e1ab97ce403110664 -> 
  custom:audio-encoder-webm-vorbis: bf7c407c2cedff20999df2af8eb42d56 -> 
  custom:framework-win-MediaFoundation: 216162199b28c13a410421893ffa2e32 -> 
  custom:container-demuxer-ogg: 62fdf1f143b41e24485cea50d1cbac27 -> 
  custom:video-decoder-webm-vp8: 9c59270c3fd7afecdb556c50c9e8de78 -> 
  custom:audio-decoder-ogg-vorbis: bf7c407c2cedff20999df2af8eb42d56 -> 
========================================================================
Received Import Request.
  Time since last request: 398332.570127 seconds.
  path: Assets/Scenes
  artifactKey: Guid(6ea315d0fd7389c41b19996891e99ae3) Importer(815301076,1909f56bfc062723c751e8b465ee728b)
Start importing Assets/Scenes using Guid(6ea315d0fd7389c41b19996891e99ae3) Importer(815301076,1909f56bfc062723c751e8b465ee728b)  -> (artifact id: 'bc172811d573b296104adb4d2728db37') in 0.024889 seconds 
========================================================================
Received Import Request.
  Time since last request: 0.000033 seconds.
  path: Assets/Scenes/Demo.unity
  artifactKey: Guid(6ba34889269078d4ea0e70623d7df800) Importer(815301076,1909f56bfc062723c751e8b465ee728b)
Start importing Assets/Scenes/Demo.unity using Guid(6ba34889269078d4ea0e70623d7df800) Importer(815301076,1909f56bfc062723c751e8b465ee728b)  -> (artifact id: '5aa3cb9be89040499ee6bbf2bb1daf81') in 0.005056 seconds 
========================================================================
Received Import Request.
  Time since last request: 1289.254037 seconds.
  path: Assets/3DModels
  artifactKey: Guid(60ff4be67e5a7ce4aaf7c3a92793ca9a) Importer(815301076,1909f56bfc062723c751e8b465ee728b)
Start importing Assets/3DModels using Guid(60ff4be67e5a7ce4aaf7c3a92793ca9a) Importer(815301076,1909f56bfc062723c751e8b465ee728b)  -> (artifact id: 'da4ffc66f70932837351096024fc69a6') in 0.067955 seconds 
========================================================================
Received Import Request.
  Time since last request: 193.518571 seconds.
  path: Assets/3DModels/Texture
  artifactKey: Guid(197c5266c0e5c8943a26a9d5cdbb895c) Importer(815301076,1909f56bfc062723c751e8b465ee728b)
Start importing Assets/3DModels/Texture using Guid(197c5266c0e5c8943a26a9d5cdbb895c) Importer(815301076,1909f56bfc062723c751e8b465ee728b)  -> (artifact id: '56af37de2670867bd6e2004481244551') in 0.012469 seconds 
========================================================================
Received Import Request.
  Time since last request: 1.119638 seconds.
  path: Assets/3DModels/230201.mtl
  artifactKey: Guid(8b55393cf2f3d1c48a06b8de23a73dd7) Importer(815301076,1909f56bfc062723c751e8b465ee728b)
Start importing Assets/3DModels/230201.mtl using Guid(8b55393cf2f3d1c48a06b8de23a73dd7) Importer(815301076,1909f56bfc062723c751e8b465ee728b)  -> (artifact id: 'f6306814372aa2851bb48f42a6178754') in 0.216212 seconds 
========================================================================
Received Import Request.
  Time since last request: 13.345314 seconds.
  path: Assets/3DModels/Material
  artifactKey: Guid(197c5266c0e5c8943a26a9d5cdbb895c) Importer(815301076,1909f56bfc062723c751e8b465ee728b)
Start importing Assets/3DModels/Material using Guid(197c5266c0e5c8943a26a9d5cdbb895c) Importer(815301076,1909f56bfc062723c751e8b465ee728b)  -> (artifact id: 'c7314e35ccd9e47de5e9a3394b75f6c9') in 0.032183 seconds 
========================================================================
Received Import Request.
  Time since last request: 125.199224 seconds.
  path: Assets/3DModels/Materials
  artifactKey: Guid(197c5266c0e5c8943a26a9d5cdbb895c) Importer(815301076,1909f56bfc062723c751e8b465ee728b)
Start importing Assets/3DModels/Materials using Guid(197c5266c0e5c8943a26a9d5cdbb895c) Importer(815301076,1909f56bfc062723c751e8b465ee728b)  -> (artifact id: '7c424aff8d89638e1bd12a9a3d33f73e') in 0.007539 seconds 
========================================================================
Received Import Request.
  Time since last request: 0.665713 seconds.
  path: Assets/3DModels/230201.obj
  artifactKey: Guid(48cfa37915619234aa41d57b8f79a838) Importer(815301076,1909f56bfc062723c751e8b465ee728b)
Start importing Assets/3DModels/230201.obj using Guid(48cfa37915619234aa41d57b8f79a838) Importer(815301076,1909f56bfc062723c751e8b465ee728b)  -> (artifact id: 'd9dae1d7edf8ab9951a4eddca891b56e') in 31.348315 seconds 
========================================================================
Received Import Request.
  Time since last request: 0.004059 seconds.
  path: Assets/3DModels/230201.obj
  artifactKey: Guid(48cfa37915619234aa41d57b8f79a838) Importer(815301076,1909f56bfc062723c751e8b465ee728b)
Start importing Assets/3DModels/230201.obj using Guid(48cfa37915619234aa41d57b8f79a838) Importer(815301076,1909f56bfc062723c751e8b465ee728b)  -> (artifact id: 'c6f208f2a8c42b8577866e8c94886e10') in 12.601687 seconds 
========================================================================
Received Import Request.
  Time since last request: 0.000056 seconds.
  path: Assets/3DModels/230201.obj
  artifactKey: Guid(48cfa37915619234aa41d57b8f79a838) Importer(815301076,1909f56bfc062723c751e8b465ee728b)
Start importing Assets/3DModels/230201.obj using Guid(48cfa37915619234aa41d57b8f79a838) Importer(815301076,1909f56bfc062723c751e8b465ee728b)  -> (artifact id: 'c6f208f2a8c42b8577866e8c94886e10') in 3.298442 seconds 
========================================================================
Received Import Request.
  Time since last request: 0.000032 seconds.
  path: Assets/3DModels/230201.mtl
  artifactKey: Guid(f6d1921af3aaf2a48a3ec095e4bbcfa9) Importer(815301076,1909f56bfc062723c751e8b465ee728b)
Start importing Assets/3DModels/230201.mtl using Guid(f6d1921af3aaf2a48a3ec095e4bbcfa9) Importer(815301076,1909f56bfc062723c751e8b465ee728b)  -> (artifact id: '8f6a7d7dd4d7ecc2fc990eae9738bf66') in 0.010781 seconds 
========================================================================
Received Import Request.
  Time since last request: 4776.201134 seconds.
  path: Assets/3DModels/230201.obj
  artifactKey: Guid(48cfa37915619234aa41d57b8f79a838) Importer(815301076,1909f56bfc062723c751e8b465ee728b)
Start importing Assets/3DModels/230201.obj using Guid(48cfa37915619234aa41d57b8f79a838) Importer(815301076,1909f56bfc062723c751e8b465ee728b)  -> (artifact id: '3d7db52a6220c370fff367bf7705476d') in 2.328082 seconds 
