Using pre-set license
Built from '2021.3/staging' branch; Version is '2021.3.0f1 (6eacc8284459) revision 7253192'; Using compiler version '192829333'; Build Type 'Release'
OS: 'Windows 10  (10.0.19043) 64bit Enterprise' Language: 'en' Physical Memory: 15779 MB
BatchMode: 1, IsHumanControllingUs: 0, StartBugReporterOnCrash: 0, Is64bit: 1, IsPro: 1

COMMAND LINE ARGUMENTS:
C:\Program Files\Unity\Hub\Editor\2021.3.0f1\Editor\Unity.exe
-adb2
-batchMode
-noUpm
-name
AssetImportWorker145
-projectPath
C:/Users/z3525545/Documents/GitHub/GISfor3DModels/GISfor3DModels
-logFile
Logs/AssetImportWorker145.log
-srvPort
56873
Successfully changed project path to: C:/Users/z3525545/Documents/GitHub/GISfor3DModels/GISfor3DModels
C:/Users/z3525545/Documents/GitHub/GISfor3DModels/GISfor3DModels
[UnityMemory] Configuration Parameters - Can be set up in boot.config
    "memorysetup-bucket-allocator-granularity=16"
    "memorysetup-bucket-allocator-bucket-count=8"
    "memorysetup-bucket-allocator-block-size=33554432"
    "memorysetup-bucket-allocator-block-count=8"
    "memorysetup-main-allocator-block-size=16777216"
    "memorysetup-thread-allocator-block-size=16777216"
    "memorysetup-gfx-main-allocator-block-size=16777216"
    "memorysetup-gfx-thread-allocator-block-size=16777216"
    "memorysetup-cache-allocator-block-size=4194304"
    "memorysetup-typetree-allocator-block-size=2097152"
    "memorysetup-profiler-bucket-allocator-granularity=16"
    "memorysetup-profiler-bucket-allocator-bucket-count=8"
    "memorysetup-profiler-bucket-allocator-block-size=33554432"
    "memorysetup-profiler-bucket-allocator-block-count=8"
    "memorysetup-profiler-allocator-block-size=16777216"
    "memorysetup-profiler-editor-allocator-block-size=1048576"
    "memorysetup-temp-allocator-size-main=16777216"
    "memorysetup-job-temp-allocator-block-size=2097152"
    "memorysetup-job-temp-allocator-block-size-background=1048576"
    "memorysetup-job-temp-allocator-reduction-small-platforms=262144"
    "memorysetup-temp-allocator-size-background-worker=32768"
    "memorysetup-temp-allocator-size-job-worker=262144"
    "memorysetup-temp-allocator-size-preload-manager=33554432"
    "memorysetup-temp-allocator-size-nav-mesh-worker=65536"
    "memorysetup-temp-allocator-size-audio-worker=65536"
    "memorysetup-temp-allocator-size-cloud-worker=32768"
    "memorysetup-temp-allocator-size-gi-baking-worker=262144"
    "memorysetup-temp-allocator-size-gfx=262144"
mdb reader table full -> cleaning up stale readers. Current readers:
    pid     thread     txnid
     24972 38a4 -
     24972 4498 -
     26248 1378 -
      9412 6f0c -
       256 70d4 12938
      2772 70e4 -
     26684 1474 -
     30352 5678 -
      1044 6f9c -
       608 108 -
     20432 68a0 -
     11852 5444 -
     30424 5638 -
      5732 1aac -
     26032 2478 -
     18292 23f8 -
     29796 67bc -
     26096 6950 -
     10160 7798 12952
     25208 6710 -
     25384 544 -
     22936 1aec -
     21420 6358 -
     26752 18ac -
     29568 68a4 -
     11888 72e0 -
     27568 5b8 12960
     29556 7058 -
     29064 1f28 12962
      8244 67d8 -
     23056 70c4 -
     10496 6b18 -
      8364 1368 -
     29964 3f30 -
     24140 6c7c -
     28464 3c90 -
      8136 656c -
     10472 49c0 -
     30400 7744 -
     24736 18c8 -
     29196 5ae8 -
     24644 2284 -
     27620 14d4 -
     30648 43a4 -
     28444 77c8 -
      2640 62a8 -
     15844 994 -
     27664 63a8 -
     26856 18a4 -
     25832 308 -
     30716 1ff4 -
     24152 1dd8 -
       792 1024 -
     23700 57f8 -
     23392 4624 12988
     18036 67f8 -
     26488 2b2c -
     27108 4964 -
     24012 6088 12992
     17648 6004 12993
      2564 2644 -
     18392 f24 -
     16032 b68 12996
     30516 26dc -
     19080 6a84 -
     11092 2c68 -
     22844 6dd4 -
     19476 1390 -
      7760 6558 -
     26324 731c -
     10372 2a80 -
      3340 5be8 -
     15168 c8c -
     19168 94c -
     26956 31f4 -
     14728 5348 -
     23668 4b20 -
     27264 5e1c -
      8676 48c4 -
     26800 7570 -
     14656 27c8 -
     25928 cb4 13015
     17820 6e70 -
     22016 4750 -
     17964 6238 -
     30320 7574 -
     26168 12c0 -
     11304 6360 -
     30496 2a8 -
      9220 39ec 13023
     26676 71c4 -
     27908 6e08 -
     20572 28bc -
     16320 39ac -
     22188 6dfc -
     17928 2318 13029
      6260 2768 -
     28096 67cc 13031
     30472 6d54 -
     25008 4020 -
     12412 61b4 -
     20080 610 -
     22644 75e4 13036
      7404 117c -
     29524 d4c -
     21680 4dbc -
     13660 18a0 13040
     13472 2098 -
     18796 2d34 13042
     26892 77b0 -
     18264 6534 -
     20204 2820 -
     16388 6a2c -
     18496 5960 13049
     12040 db0 -
     29448 33b8 13054
     11548 4350 -
     31440 7ad4 -
     13568 3900 13057
      2424 7318 -
     30004 36bc -
     26696 3540 -
     26516 2f70 -
     31264 7b1c -
     24112 2980 -
     30056 4c94 13065
Cleaned out 123 stale readers
Refreshing native plugins compatible for Editor in 2504.01 ms, found 4 plugins.
Preloading 0 native plugins for Editor in 0.00 ms.
Initialize engine version: 2021.3.0f1 (6eacc8284459)
[Subsystems] Discovering subsystems at path C:/Program Files/Unity/Hub/Editor/2021.3.0f1/Editor/Data/Resources/UnitySubsystems
[Subsystems] Discovering subsystems at path C:/Users/z3525545/Documents/GitHub/GISfor3DModels/GISfor3DModels/Assets
GfxDevice: creating device client; threaded=0; jobified=0
